<?xml version="1.0" encoding="UTF-8"?>
<testng-results skipped="0" failed="0" ignored="0" total="1" passed="1">
  <reporter-output>
  </reporter-output>
  <suite name="Test.LoginTest" duration-ms="4168" started-at="2022-06-10T04:18:37Z" finished-at="2022-06-10T04:18:41Z">
    <groups>
    </groups>
    <test name="Command line test" duration-ms="4168" started-at="2022-06-10T04:18:37Z" finished-at="2022-06-10T04:18:41Z">
      <class name="Test.LoginTest">
        <test-method status="PASS" signature="validUserShouldBeAbleToLogin()[pri:0, instance:Test.LoginTest@39ba5a14]" name="validUserShouldBeAbleToLogin" duration-ms="4149" started-at="2022-06-10T04:18:37Z" finished-at="2022-06-10T04:18:41Z">
          <reporter-output>
          </reporter-output>
        </test-method> <!-- validUserShouldBeAbleToLogin -->
      </class> <!-- Test.LoginTest -->
    </test> <!-- Command line test -->
  </suite> <!-- Test.LoginTest -->
</testng-results>
