<?xml version="1.0" encoding="UTF-8"?>
<testng-results skipped="0" failed="0" ignored="0" total="1" passed="1">
  <reporter-output>
  </reporter-output>
  <suite name="Default suite" duration-ms="7112" started-at="2022-06-10T00:00:27 EDT" finished-at="2022-06-10T00:00:35 EDT">
    <groups>
    </groups>
    <test name="Default test" duration-ms="7112" started-at="2022-06-10T00:00:27 EDT" finished-at="2022-06-10T00:00:35 EDT">
      <class name="Test.LoginTest">
        <test-method status="PASS" signature="validUserShouldBeAbleToLogin()[pri:0, instance:Test.LoginTest@4b1c1ea0]" name="validUserShouldBeAbleToLogin" duration-ms="7059" started-at="2022-06-10T00:00:27 EDT" finished-at="2022-06-10T00:00:35 EDT">
          <reporter-output>
          </reporter-output>
        </test-method> <!-- validUserShouldBeAbleToLogin -->
      </class> <!-- Test.LoginTest -->
    </test> <!-- Default test -->
  </suite> <!-- Default suite -->
</testng-results>
